Containers: 5
 Running: 5
 Paused: 0
 Stopped: 0
Images: 1
Server Version: 17.11.0-ce
Storage Driver: aufs
 Root Dir: /mnt/sda1/var/lib/docker/aufs
 Backing Filesystem: extfs
 Dirs: 17
 Dirperm1 Supported: true
Logging Driver: json-file
Cgroup Driver: cgroupfs
Plugins:
 Volume: local
 Network: bridge host macvlan null overlay
 Log: awslogs fluentd gcplogs gelf journald json-file logentries splunk syslog
Swarm: active
 NodeID: p0robxkfjzrk8i5twgtoruyrq
 Is Manager: true
 ClusterID: a7eztlig3rn6u3qcu0hkbzomp
 Managers: 1
 Nodes: 2
 Orchestration:
  Task History Retention Limit: 5
 Raft:
  Snapshot Interval: 10000
  Number of Old Snapshots to Retain: 0
  Heartbeat Tick: 1
  Election Tick: 3
 Dispatcher:
  Heartbeat Period: 5 seconds
 CA Configuration:
  Expiry Duration: 3 months
  Force Rotate: 0
 Autolock Managers: false
 Root Rotation In Progress: false
 Node Address: 192.168.64.7
 Manager Addresses:
  192.168.64.7:2377
Runtimes: runc
Default Runtime: runc
Init Binary: docker-init
containerd version: 992280e8e265f491f7a624ab82f3e238be086e49
runc version: 0351df1c5a66838d0c392b4ac4cf9450de844e2d
init version: 949e6fa
Security Options:
 seccomp
  Profile: default
Kernel Version: 4.4.100-boot2docker
Operating System: Boot2Docker 17.11.0-ce (TCL 7.2); HEAD : e620608 - Tue Nov 21 18:11:40 UTC 2017
OSType: linux
Architecture: x86_64
CPUs: 1
Total Memory: 995.8MiB
Name: kconsumer
ID: ZUN2:C7LJ:AR3Z:O5AD:UWTR:33V7:YYD4:OG6C:EURI:I2YC:OT3H:E3PU
Docker Root Dir: /mnt/sda1/var/lib/docker
Debug Mode (client): false
Debug Mode (server): true
 File Descriptors: 89
 Goroutines: 225
 System Time: 2017-12-06T16:31:33.486937999Z
 EventsListeners: 5
Registry: https://index.docker.io/v1/
Labels:
 provider=xhyve
Experimental: false
Insecure Registries:
 127.0.0.0/8
Live Restore Enabled: false

